
> nextjs_tailwind_shadcn_ts@0.1.0 build
> next build && cp -r .next/static .next/standalone/.next/ && cp -r public .next/standalone/

   ▲ Next.js 15.3.5
   - Environments: .env
   - Experiments (use with caution):
     · clientTraceMetadata

   Creating an optimized production build ...
[@sentry/nextjs] It appears you've configured a `sentry.server.config.ts` file. Please ensure to put this file's content into the `register()` function of a Next.js instrumentation file instead. To ensure correct functionality of the SDK, `Sentry.init` must be called inside of an instrumentation file. Learn more about setting up an instrumentation file in Next.js: https://nextjs.org/docs/app/building-your-application/optimizing/instrumentation. You can safely delete the `sentry.server.config.ts` file afterward.
[@sentry/nextjs] Could not find a Next.js instrumentation file. This indicates an incomplete configuration of the Sentry SDK. An instrumentation file is required for the Sentry SDK to be initialized on the server: https://docs.sentry.io/platforms/javascript/guides/nextjs/manual-setup/#create-initialization-config-files (you can suppress this warning by setting SENTRY_SUPPRESS_INSTRUMENTATION_FILE_WARNING=1 as environment variable)
[@sentry/nextjs] It seems like you don't have a global error handler set up. It is recommended that you add a 'global-error.js' file with Sentry instrumentation so that React rendering errors are reported to Sentry. Read more: https://docs.sentry.io/platforms/javascript/guides/nextjs/manual-setup/#react-render-errors-in-app-router (you can suppress this warning by setting SENTRY_SUPPRESS_GLOBAL_ERROR_HANDLER_FILE_WARNING=1 as environment variable)
[@sentry/nextjs] It appears you've configured a `sentry.edge.config.ts` file. Please ensure to put this file's content into the `register()` function of a Next.js instrumentation file instead. To ensure correct functionality of the SDK, `Sentry.init` must be called inside of an instrumentation file. Learn more about setting up an instrumentation file in Next.js: https://nextjs.org/docs/app/building-your-application/optimizing/instrumentation. You can safely delete the `sentry.edge.config.ts` file afterward.
[@sentry/nextjs] DEPRECATION WARNING: It is recommended renaming your `sentry.client.config.ts` file, or moving its content to `instrumentation-client.ts`. When using Turbopack `sentry.client.config.ts` will no longer work. Read more about the `instrumentation-client.ts` file: https://nextjs.org/docs/app/api-reference/file-conventions/instrumentation-client
 ✓ Compiled successfully in 8.0s
   Linting and checking validity of types ...
   Collecting page data ...
   Generating static pages (0/35) ...
 ⨯ useSearchParams() should be wrapped in a suspense boundary at page "/verify-email". Read more: https://nextjs.org/docs/messages/missing-suspense-with-csr-bailout
    at i (/media/d88k/01D9C5CA3CB3C3E0/edo/TMS/zai-ticket/.next/server/chunks/3046.js:6:71793)
    at d (/media/d88k/01D9C5CA3CB3C3E0/edo/TMS/zai-ticket/.next/server/chunks/3046.js:6:5756)
    at p (/media/d88k/01D9C5CA3CB3C3E0/edo/TMS/zai-ticket/.next/server/app/verify-email/page.js:1:12490)
    at nF (/media/d88k/01D9C5CA3CB3C3E0/edo/TMS/zai-ticket/node_modules/next/dist/compiled/next-server/app-page.runtime.prod.js:76:46843)
    at nH (/media/d88k/01D9C5CA3CB3C3E0/edo/TMS/zai-ticket/node_modules/next/dist/compiled/next-server/app-page.runtime.prod.js:76:48618)
    at nW (/media/d88k/01D9C5CA3CB3C3E0/edo/TMS/zai-ticket/node_modules/next/dist/compiled/next-server/app-page.runtime.prod.js:76:67762)
    at nz (/media/d88k/01D9C5CA3CB3C3E0/edo/TMS/zai-ticket/node_modules/next/dist/compiled/next-server/app-page.runtime.prod.js:76:65337)
    at nB (/media/d88k/01D9C5CA3CB3C3E0/edo/TMS/zai-ticket/node_modules/next/dist/compiled/next-server/app-page.runtime.prod.js:76:47195)
    at nH (/media/d88k/01D9C5CA3CB3C3E0/edo/TMS/zai-ticket/node_modules/next/dist/compiled/next-server/app-page.runtime.prod.js:76:48664)
    at nH (/media/d88k/01D9C5CA3CB3C3E0/edo/TMS/zai-ticket/node_modules/next/dist/compiled/next-server/app-page.runtime.prod.js:76:64688)
Error occurred prerendering page "/verify-email". Read more: https://nextjs.org/docs/messages/prerender-error
Export encountered an error on /verify-email/page: /verify-email, exiting the build.
 ⨯ Next.js build worker exited with code: 1 and signal: null
